0 info it worked if it ends with ok
1 verbose cli [ '/usr/bin/node', '/usr/bin/npm', 'run', 'start-dev' ]
2 info using npm@3.10.10
3 info using node@v6.11.5
4 verbose run-script [ 'prestart-dev', 'start-dev', 'poststart-dev' ]
5 info lifecycle web-api-auth-examples@0.0.1~prestart-dev: web-api-auth-examples@0.0.1
6 silly lifecycle web-api-auth-examples@0.0.1~prestart-dev: no script for prestart-dev, continuing
7 info lifecycle web-api-auth-examples@0.0.1~start-dev: web-api-auth-examples@0.0.1
8 verbose lifecycle web-api-auth-examples@0.0.1~start-dev: unsafe-perm in lifecycle true
9 verbose lifecycle web-api-auth-examples@0.0.1~start-dev: PATH: /usr/lib/node_modules/npm/bin/node-gyp-bin:/home/hugoraf/Documentos/Estudos/ES6/Spotify/spot-shuffle/node_modules/.bin:/usr/local/sbin:/usr/local/bin:/usr/sbin:/usr/bin:/sbin:/bin:/usr/games:/usr/local/games:/snap/bin
10 verbose lifecycle web-api-auth-examples@0.0.1~start-dev: CWD: /home/hugoraf/Documentos/Estudos/ES6/Spotify/spot-shuffle
11 silly lifecycle web-api-auth-examples@0.0.1~start-dev: Args: [ '-c', 'export NODE_ENV=dev node app.js' ]
12 silly lifecycle web-api-auth-examples@0.0.1~start-dev: Returned: code: 2  signal: null
13 info lifecycle web-api-auth-examples@0.0.1~start-dev: Failed to exec start-dev script
14 verbose stack Error: web-api-auth-examples@0.0.1 start-dev: `export NODE_ENV=dev node app.js`
14 verbose stack Exit status 2
14 verbose stack     at EventEmitter.<anonymous> (/usr/lib/node_modules/npm/lib/utils/lifecycle.js:255:16)
14 verbose stack     at emitTwo (events.js:106:13)
14 verbose stack     at EventEmitter.emit (events.js:191:7)
14 verbose stack     at ChildProcess.<anonymous> (/usr/lib/node_modules/npm/lib/utils/spawn.js:40:14)
14 verbose stack     at emitTwo (events.js:106:13)
14 verbose stack     at ChildProcess.emit (events.js:191:7)
14 verbose stack     at maybeClose (internal/child_process.js:920:16)
14 verbose stack     at Process.ChildProcess._handle.onexit (internal/child_process.js:230:5)
15 verbose pkgid web-api-auth-examples@0.0.1
16 verbose cwd /home/hugoraf/Documentos/Estudos/ES6/Spotify/spot-shuffle
17 error Linux 4.13.0-16-generic
18 error argv "/usr/bin/node" "/usr/bin/npm" "run" "start-dev"
19 error node v6.11.5
20 error npm  v3.10.10
21 error code ELIFECYCLE
22 error web-api-auth-examples@0.0.1 start-dev: `export NODE_ENV=dev node app.js`
22 error Exit status 2
23 error Failed at the web-api-auth-examples@0.0.1 start-dev script 'export NODE_ENV=dev node app.js'.
23 error Make sure you have the latest version of node.js and npm installed.
23 error If you do, this is most likely a problem with the web-api-auth-examples package,
23 error not with npm itself.
23 error Tell the author that this fails on your system:
23 error     export NODE_ENV=dev node app.js
23 error You can get information on how to open an issue for this project with:
23 error     npm bugs web-api-auth-examples
23 error Or if that isn't available, you can get their info via:
23 error     npm owner ls web-api-auth-examples
23 error There is likely additional logging output above.
24 verbose exit [ 1, true ]
